# JRE version: Java(TM) SE Runtime Environment (8.0_91-b15) (build 1.8.0_91-b15)
# Java VM: Java HotSpot(TM) 64-Bit Server VM (25.91-b15 mixed mode windows-amd64 compressed oops)
Heap:
 PSYoungGen      total 246272K, used 0K [0x00000000d5a00000, 0x00000000e7100000, 0x0000000100000000)
  eden space 235008K, 0% used [0x00000000d5a00000,0x00000000d5a00000,0x00000000e3f80000)
  from space 11264K, 0% used [0x00000000e5b00000,0x00000000e5b00000,0x00000000e6600000)
  to   space 7680K, 0% used [0x00000000e6980000,0x00000000e6980000,0x00000000e7100000)
 ParOldGen       total 52736K, used 21474K [0x0000000080e00000, 0x0000000086100000, 0x00000000d5a00000)
  object space 52736K, 40% used [0x0000000080e00000,0x00000000822f8ad8,0x0000000084180000)
 Metaspace       used 34148K, capacity 35412K, committed 35496K, reserved 1079296K
  class space    used 4605K, capacity 4864K, committed 4864K, reserved 1048576K
GC Heap History (10 events):
Event: 2.830 GC heap after
Heap after GC invocations=6 (full 1):
 PSYoungGen      total 138240K, used 0K [0x00000000d5a00000, 0x00000000e7500000, 0x0000000100000000)
  eden space 133120K, 0% used [0x00000000d5a00000,0x00000000d5a00000,0x00000000ddc00000)
  from space 5120K, 0% used [0x00000000ddc00000,0x00000000ddc00000,0x00000000de100000)
  to   space 11776K, 0% used [0x00000000e6980000,0x00000000e6980000,0x00000000e7500000)
 ParOldGen       total 52736K, used 6309K [0x0000000080e00000, 0x0000000084180000, 0x00000000d5a00000)
  object space 52736K, 11% used [0x0000000080e00000,0x00000000814295b0,0x0000000084180000)
 Metaspace       used 20582K, capacity 21252K, committed 21296K, reserved 1067008K
  class space    used 2714K, capacity 2903K, committed 2944K, reserved 1048576K
}
Event: 4.011 GC heap before
{Heap before GC invocations=7 (full 1):
 PSYoungGen      total 138240K, used 133120K [0x00000000d5a00000, 0x00000000e7500000, 0x0000000100000000)
  eden space 133120K, 100% used [0x00000000d5a00000,0x00000000ddc00000,0x00000000ddc00000)
  from space 5120K, 0% used [0x00000000ddc00000,0x00000000ddc00000,0x00000000de100000)
  to   space 11776K, 0% used [0x00000000e6980000,0x00000000e6980000,0x00000000e7500000)
 ParOldGen       total 52736K, used 6309K [0x0000000080e00000, 0x0000000084180000, 0x00000000d5a00000)
  object space 52736K, 11% used [0x0000000080e00000,0x00000000814295b0,0x0000000084180000)
 Metaspace       used 25505K, capacity 26562K, committed 26752K, reserved 1073152K
  class space    used 3433K, capacity 3662K, committed 3712K, reserved 1048576K
Event: 4.018 GC heap after
Heap after GC invocations=7 (full 1):
 PSYoungGen      total 242688K, used 7315K [0x00000000d5a00000, 0x00000000e7100000, 0x0000000100000000)
  eden space 235008K, 0% used [0x00000000d5a00000,0x00000000d5a00000,0x00000000e3f80000)
  from space 7680K, 95% used [0x00000000e6980000,0x00000000e70a4d70,0x00000000e7100000)
  to   space 11264K, 0% used [0x00000000e5b00000,0x00000000e5b00000,0x00000000e6600000)
 ParOldGen       total 52736K, used 6317K [0x0000000080e00000, 0x0000000084180000, 0x00000000d5a00000)
  object space 52736K, 11% used [0x0000000080e00000,0x000000008142b5b0,0x0000000084180000)
 Metaspace       used 25505K, capacity 26562K, committed 26752K, reserved 1073152K
  class space    used 3433K, capacity 3662K, committed 3712K, reserved 1048576K
}
Event: 5.524 GC heap before
{Heap before GC invocations=8 (full 1):
 PSYoungGen      total 242688K, used 242323K [0x00000000d5a00000, 0x00000000e7100000, 0x0000000100000000)
  eden space 235008K, 100% used [0x00000000d5a00000,0x00000000e3f80000,0x00000000e3f80000)
  from space 7680K, 95% used [0x00000000e6980000,0x00000000e70a4d70,0x00000000e7100000)
  to   space 11264K, 0% used [0x00000000e5b00000,0x00000000e5b00000,0x00000000e6600000)
 ParOldGen       total 52736K, used 6317K [0x0000000080e00000, 0x0000000084180000, 0x00000000d5a00000)
  object space 52736K, 11% used [0x0000000080e00000,0x000000008142b5b0,0x0000000084180000)
 Metaspace       used 27415K, capacity 28642K, committed 28800K, reserved 1075200K
  class space    used 3672K, capacity 3949K, committed 3968K, reserved 1048576K
Event: 5.546 GC heap after
Heap after GC invocations=8 (full 1):
 PSYoungGen      total 246272K, used 11256K [0x00000000d5a00000, 0x00000000e7100000, 0x0000000100000000)
  eden space 235008K, 0% used [0x00000000d5a00000,0x00000000d5a00000,0x00000000e3f80000)
  from space 11264K, 99% used [0x00000000e5b00000,0x00000000e65fe160,0x00000000e6600000)
  to   space 7680K, 0% used [0x00000000e6980000,0x00000000e6980000,0x00000000e7100000)
 ParOldGen       total 52736K, used 7586K [0x0000000080e00000, 0x0000000084180000, 0x00000000d5a00000)
  object space 52736K, 14% used [0x0000000080e00000,0x0000000081568be8,0x0000000084180000)
 Metaspace       used 27415K, capacity 28642K, committed 28800K, reserved 1075200K
  class space    used 3672K, capacity 3949K, committed 3968K, reserved 1048576K
}
Event: 6.812 GC heap before
{Heap before GC invocations=9 (full 1):
 PSYoungGen      total 246272K, used 246264K [0x00000000d5a00000, 0x00000000e7100000, 0x0000000100000000)
  eden space 235008K, 100% used [0x00000000d5a00000,0x00000000e3f80000,0x00000000e3f80000)
  from space 11264K, 99% used [0x00000000e5b00000,0x00000000e65fe160,0x00000000e6600000)
  to   space 7680K, 0% used [0x00000000e6980000,0x00000000e6980000,0x00000000e7100000)
 ParOldGen       total 52736K, used 7586K [0x0000000080e00000, 0x0000000084180000, 0x00000000d5a00000)
  object space 52736K, 14% used [0x0000000080e00000,0x0000000081568be8,0x0000000084180000)
 Metaspace       used 30613K, capacity 31914K, committed 32128K, reserved 1077248K
  class space    used 4180K, capacity 4461K, committed 4480K, reserved 1048576K
Event: 6.825 GC heap after
Heap after GC invocations=9 (full 1):
 PSYoungGen      total 242688K, used 7649K [0x00000000d5a00000, 0x00000000e7100000, 0x0000000100000000)
  eden space 235008K, 0% used [0x00000000d5a00000,0x00000000d5a00000,0x00000000e3f80000)
  from space 7680K, 99% used [0x00000000e6980000,0x00000000e70f8738,0x00000000e7100000)
  to   space 11264K, 0% used [0x00000000e5b00000,0x00000000e5b00000,0x00000000e6600000)
 ParOldGen       total 52736K, used 16325K [0x0000000080e00000, 0x0000000084180000, 0x00000000d5a00000)
  object space 52736K, 30% used [0x0000000080e00000,0x0000000081df1508,0x0000000084180000)
 Metaspace       used 30613K, capacity 31914K, committed 32128K, reserved 1077248K
  class space    used 4180K, capacity 4461K, committed 4480K, reserved 1048576K
}
Event: 7.682 GC heap before
{Heap before GC invocations=10 (full 1):
 PSYoungGen      total 242688K, used 170871K [0x00000000d5a00000, 0x00000000e7100000, 0x0000000100000000)
  eden space 235008K, 69% used [0x00000000d5a00000,0x00000000df9654f0,0x00000000e3f80000)
  from space 7680K, 99% used [0x00000000e6980000,0x00000000e70f8738,0x00000000e7100000)
  to   space 11264K, 0% used [0x00000000e5b00000,0x00000000e5b00000,0x00000000e6600000)
 ParOldGen       total 52736K, used 16325K [0x0000000080e00000, 0x0000000084180000, 0x00000000d5a00000)
  object space 52736K, 30% used [0x0000000080e00000,0x0000000081df1508,0x0000000084180000)
 Metaspace       used 34148K, capacity 35412K, committed 35496K, reserved 1079296K
  class space    used 4605K, capacity 4864K, committed 4864K, reserved 1048576K
Event: 7.694 GC heap after
Heap after GC invocations=10 (full 1):
 PSYoungGen      total 246272K, used 10600K [0x00000000d5a00000, 0x00000000e7100000, 0x0000000100000000)
  eden space 235008K, 0% used [0x00000000d5a00000,0x00000000d5a00000,0x00000000e3f80000)
  from space 11264K, 94% used [0x00000000e5b00000,0x00000000e655a048,0x00000000e6600000)
  to   space 7680K, 0% used [0x00000000e6980000,0x00000000e6980000,0x00000000e7100000)
 ParOldGen       total 52736K, used 19214K [0x0000000080e00000, 0x0000000084180000, 0x00000000d5a00000)
  object space 52736K, 36% used [0x0000000080e00000,0x00000000820c3870,0x0000000084180000)
 Metaspace       used 34148K, capacity 35412K, committed 35496K, reserved 1079296K
  class space    used 4605K, capacity 4864K, committed 4864K, reserved 1048576K
}
Event: 7.694 GC heap before
{Heap before GC invocations=11 (full 2):
 PSYoungGen      total 246272K, used 10600K [0x00000000d5a00000, 0x00000000e7100000, 0x0000000100000000)
  eden space 235008K, 0% used [0x00000000d5a00000,0x00000000d5a00000,0x00000000e3f80000)
  from space 11264K, 94% used [0x00000000e5b00000,0x00000000e655a048,0x00000000e6600000)
  to   space 7680K, 0% used [0x00000000e6980000,0x00000000e6980000,0x00000000e7100000)
 ParOldGen       total 52736K, used 19214K [0x0000000080e00000, 0x0000000084180000, 0x00000000d5a00000)
  object space 52736K, 36% used [0x0000000080e00000,0x00000000820c3870,0x0000000084180000)
 Metaspace       used 34148K, capacity 35412K, committed 35496K, reserved 1079296K
  class space    used 4605K, capacity 4864K, committed 4864K, reserved 1048576K

